0 info it worked if it ends with ok
1 verbose cli [ '/usr/bin/node', '/usr/bin/npm', 'run', 'build-dev' ]
2 info using npm@3.5.2
3 info using node@v8.10.0
4 verbose run-script [ 'prebuild-dev', 'build-dev', 'postbuild-dev' ]
5 info lifecycle magnoliahouseshows@1.0.0~prebuild-dev: magnoliahouseshows@1.0.0
6 silly lifecycle magnoliahouseshows@1.0.0~prebuild-dev: no script for prebuild-dev, continuing
7 info lifecycle magnoliahouseshows@1.0.0~build-dev: magnoliahouseshows@1.0.0
8 verbose lifecycle magnoliahouseshows@1.0.0~build-dev: unsafe-perm in lifecycle true
9 verbose lifecycle magnoliahouseshows@1.0.0~build-dev: PATH: /usr/share/npm/bin/node-gyp-bin:/home/patrick/PycharmProjects/MagnoliaHouseShows/node_modules/.bin:/home/patrick/PycharmProjects/MagnoliaHouseShows/venv/bin:/home/patrick/PycharmProjects/MagnoliaHouseShows/node_modules/.bin:/home/patrick/anaconda3/bin:/home/patrick/anaconda3/condabin:/usr/local/sbin:/usr/local/bin:/usr/sbin:/usr/bin:/sbin:/bin:/usr/games:/usr/local/games:/home/patrick/Public/pycharm-2019.1.2/bin:/home/patrick/Public/WebStorm-191.7479.14/bin:/home/patrick/Public/clion-2019.1.3/bin:/snap/bin
10 verbose lifecycle magnoliahouseshows@1.0.0~build-dev: CWD: /home/patrick/PycharmProjects/MagnoliaHouseShows
11 silly lifecycle magnoliahouseshows@1.0.0~build-dev: Args: [ '-c', 'webpack --mode development --watch' ]
12 silly lifecycle magnoliahouseshows@1.0.0~build-dev: Returned: code: 1  signal: null
13 info lifecycle magnoliahouseshows@1.0.0~build-dev: Failed to exec build-dev script
14 verbose stack Error: magnoliahouseshows@1.0.0 build-dev: `webpack --mode development --watch`
14 verbose stack Exit status 1
14 verbose stack     at EventEmitter.<anonymous> (/usr/share/npm/lib/utils/lifecycle.js:232:16)
14 verbose stack     at emitTwo (events.js:126:13)
14 verbose stack     at EventEmitter.emit (events.js:214:7)
14 verbose stack     at ChildProcess.<anonymous> (/usr/share/npm/lib/utils/spawn.js:24:14)
14 verbose stack     at emitTwo (events.js:126:13)
14 verbose stack     at ChildProcess.emit (events.js:214:7)
14 verbose stack     at maybeClose (internal/child_process.js:925:16)
14 verbose stack     at Process.ChildProcess._handle.onexit (internal/child_process.js:209:5)
15 verbose pkgid magnoliahouseshows@1.0.0
16 verbose cwd /home/patrick/PycharmProjects/MagnoliaHouseShows
17 error Linux 4.18.0-25-generic
18 error argv "/usr/bin/node" "/usr/bin/npm" "run" "build-dev"
19 error node v8.10.0
20 error npm  v3.5.2
21 error code ELIFECYCLE
22 error magnoliahouseshows@1.0.0 build-dev: `webpack --mode development --watch`
22 error Exit status 1
23 error Failed at the magnoliahouseshows@1.0.0 build-dev script 'webpack --mode development --watch'.
23 error Make sure you have the latest version of node.js and npm installed.
23 error If you do, this is most likely a problem with the magnoliahouseshows package,
23 error not with npm itself.
23 error Tell the author that this fails on your system:
23 error     webpack --mode development --watch
23 error You can get information on how to open an issue for this project with:
23 error     npm bugs magnoliahouseshows
23 error Or if that isn't available, you can get their info via:
23 error     npm owner ls magnoliahouseshows
23 error There is likely additional logging output above.
24 verbose exit [ 1, true ]
